<?xml version="1.0" encoding="UTF-8"?>
<!-- Generated by org.testng.reporters.JUnitReportReporter -->
<testsuite hostname="IN-PG0351V4" failures="0" tests="1" name="jenkinsMavenIntegration.SampleTestCase" time="8.150" errors="0" timestamp="2023-10-05T11:07:18 IST" skipped="0">
  <testcase classname="jenkinsMavenIntegration.SampleTestCase" name="lauchBrowser" time="8.150"/>
  <system-out/>
</testsuite> <!-- jenkinsMavenIntegration.SampleTestCase -->
